<?xml version="1.0" encoding="UTF-8"?>
<!-- Generated by org.testng.reporters.JUnitReportReporter -->
<testsuite hostname="DESKTOP-1CO8AH3" failures="0" tests="2" name="testScripts.EDanubeStoreTest" time="11.824" errors="0" timestamp="2023-03-03T16:27:13 IST" skipped="0">
  <testcase classname="testScripts.EDanubeStoreTest" name="RegisterTest" time="7.714"/>
  <system-out/>
  <testcase classname="testScripts.EDanubeStoreTest" name="SearchTest" time="4.110"/>
  <system-out/>
</testsuite> <!-- testScripts.EDanubeStoreTest -->
