<?xml version="1.0" encoding="UTF-8"?>
<!-- Generated by org.testng.reporters.JUnitReportReporter -->
<testsuite hostname="DESKTOP-1CO8AH3" failures="0" tests="2" name="testScripts.ExerciseTest" time="10.787" errors="0" timestamp="2023-03-03T15:00:34 IST" skipped="0">
  <testcase classname="testScripts.ExerciseTest" name="SearchTest" time="4.086"/>
  <system-out/>
  <testcase classname="testScripts.ExerciseTest" name="RegisterTest" time="6.701"/>
  <system-out/>
</testsuite> <!-- testScripts.ExerciseTest -->
