<?xml version="1.0" encoding="UTF-8"?>
<!-- Generated by org.testng.reporters.JUnitReportReporter -->
<testsuite hostname="DESKTOP-1CO8AH3" failures="0" tests="4" name="parallelScripts.SampleTwoTest" time="0.071" errors="0" timestamp="2023-03-02T19:32:30 IST" skipped="0">
  <testcase classname="parallelScripts.SampleTwoTest" name="testTwo" time="0.014"/>
  <system-out/>
  <testcase classname="parallelScripts.SampleTwoTest" name="testFour" time="0.043"/>
  <system-out/>
  <testcase classname="parallelScripts.SampleTwoTest" name="testThree" time="0.008"/>
  <system-out/>
  <testcase classname="parallelScripts.SampleTwoTest" name="testOne" time="0.006"/>
  <system-out/>
</testsuite> <!-- parallelScripts.SampleTwoTest -->
