<?xml version="1.0" encoding="UTF-8"?>
<!-- Generated by org.testng.reporters.JUnitReportReporter -->
<testsuite hostname="DESKTOP-1CO8AH3" failures="0" tests="3" name="testScripts.ParaBank" time="38.872" errors="0" timestamp="2023-03-03T14:50:01 IST" skipped="0">
  <testcase classname="testScripts.ParaBank" name="Transferfund" time="11.971"/>
  <system-out/>
  <testcase classname="testScripts.ParaBank" name="register" time="15.198"/>
  <system-out/>
  <testcase classname="testScripts.ParaBank" name="openaccount" time="11.703"/>
  <system-out/>
</testsuite> <!-- testScripts.ParaBank -->
