<?xml version="1.0" encoding="UTF-8"?>
<!-- Generated by org.testng.reporters.JUnitReportReporter -->
<testsuite hostname="DESKTOP-1CO8AH3" failures="0" tests="4" name="parallelScripts.SampleThreeTest" time="0.100" errors="0" timestamp="2023-03-02T19:32:30 IST" skipped="0">
  <testcase classname="parallelScripts.SampleThreeTest" name="testTwo" time="0.014"/>
  <system-out/>
  <testcase classname="parallelScripts.SampleThreeTest" name="testFour" time="0.043"/>
  <system-out/>
  <testcase classname="parallelScripts.SampleThreeTest" name="testOne" time="0.022"/>
  <system-out/>
  <testcase classname="parallelScripts.SampleThreeTest" name="testThree" time="0.021"/>
  <system-out/>
</testsuite> <!-- parallelScripts.SampleThreeTest -->
